\BOOKMARK [1][-]{section.1}{Introduction}{}% 1
\BOOKMARK [1][-]{section.2}{Experimental Program}{}% 2
\BOOKMARK [2][-]{subsection.2.1}{Materials and Mixture Proportion}{section.2}% 3
\BOOKMARK [2][-]{subsection.2.2}{Sample preparation and crack measurement}{section.2}% 4
\BOOKMARK [2][-]{subsection.2.3}{Data Collection}{section.2}% 5
\BOOKMARK [2][-]{subsection.2.4}{Preprocessing of Data}{section.2}% 6
\BOOKMARK [1][-]{section.3}{Proposed Machine Learning Models }{}% 7
\BOOKMARK [2][-]{subsection.3.1}{Linear Regression}{section.3}% 8
\BOOKMARK [2][-]{subsection.3.2}{Support Vector Regression}{section.3}% 9
\BOOKMARK [2][-]{subsection.3.3}{Artificial Neural Network}{section.3}% 10
\BOOKMARK [2][-]{subsection.3.4}{Classification and Regression Tree}{section.3}% 11
\BOOKMARK [2][-]{subsection.3.5}{Ensemble Methods}{section.3}% 12
\BOOKMARK [3][-]{subsubsection.3.5.1}{Bagging}{subsection.3.5}% 13
\BOOKMARK [3][-]{subsubsection.3.5.2}{AdaBoost}{subsection.3.5}% 14
\BOOKMARK [3][-]{subsubsection.3.5.3}{Stacking}{subsection.3.5}% 15
\BOOKMARK [1][-]{section.4}{Validation and Evaluation}{}% 16
\BOOKMARK [2][-]{subsection.4.1}{Cross-validation Method}{section.4}% 17
\BOOKMARK [2][-]{subsection.4.2}{Performance Evaluation}{section.4}% 18
\BOOKMARK [1][-]{section.5}{Results and Discussion}{}% 19
\BOOKMARK [2][-]{subsection.5.1}{Prediction performance of the proposed models}{section.5}% 20
\BOOKMARK [2][-]{subsection.5.2}{Prediction performance comparison}{section.5}% 21
\BOOKMARK [1][-]{section.6}{Conclusions}{}% 22
\BOOKMARK [0][-]{Item.6}{References}{}% 23
